<?xml version="1.0" encoding="UTF-8"?>
<!-- Generated by org.testng.reporters.JUnitXMLReporter -->
<testsuite hostname="DESKTOP-KGRF7QI" ignored="4" tests="0" failures="0" timestamp="2020-03-08T17:55:10 IRST" time="0.012" errors="0">
  <testcase name="selectMultiplrContactsTest" time="0.0" classname="com.crm.qa.testcases.ContactsPageTest">
    <ignored/>
  </testcase> <!-- selectMultiplrContactsTest -->
  <testcase name="verifyContanctsLabel" time="0.0" classname="com.crm.qa.testcases.ContactsPageTest">
    <ignored/>
  </testcase> <!-- verifyContanctsLabel -->
  <testcase name="validateCreateNewContact" time="0.0" classname="com.crm.qa.testcases.ContactsPageTest">
    <ignored/>
  </testcase> <!-- validateCreateNewContact -->
  <testcase name="selectSingleContactsTest" time="0.0" classname="com.crm.qa.testcases.ContactsPageTest">
    <ignored/>
  </testcase> <!-- selectSingleContactsTest -->
</testsuite>
